The daemon seems to be running. Exiting. Id file: /tmp/i4jdaemon__home_yandy_openfire_bin_openfire
The daemon seems to be running. Exiting. Id file: /tmp/i4jdaemon__home_yandy_openfire_bin_openfire
The daemon seems to be running. Exiting. Id file: /tmp/i4jdaemon__home_yandy_openfire_bin_openfire
#
# A fatal error has been detected by the Java Runtime Environment:
#
#  SIGBUS (0x7) at pc=0xb777b422, pid=13959, tid=3075958464
#
# JRE version: 6.0_24-b24
# Java VM: OpenJDK Server VM (20.0-b12 mixed mode linux-x86 )
# Derivative: IcedTea6 1.11.1
# Distribution: Ubuntu 12.04 LTS, package 6b24-1.11.1-4ubuntu3
# Problematic frame:
# C  [+0x422]  __kernel_vsyscall+0xe
#
# An error report file with more information is saved as:
# /home/yandy/openfire/bin/hs_err_pid13959.log
#
# If you would like to submit a bug report, please include
# instructions how to reproduce the bug and visit:
#   https://bugs.launchpad.net/ubuntu/+source/openjdk-6/
#
The daemon seems to be running. Exiting. Id file: /tmp/i4jdaemon__home_yandy_openfire_bin_openfire
The daemon seems to be running. Exiting. Id file: /tmp/i4jdaemon__home_yandy_openfire_bin_openfire
The daemon seems to be running. Exiting. Id file: /tmp/i4jdaemon__home_yandy_openfire_bin_openfire
#
# A fatal error has been detected by the Java Runtime Environment:
#
#  SIGBUS (0x7) at pc=0x00444414, pid=2305, tid=3078358720
#
# JRE version: 6.0_24-b24
# Java VM: OpenJDK Server VM (20.0-b12 mixed mode linux-x86 )
# Derivative: IcedTea6 1.11.4
[thread -1965364416 also had an error]
# Distribution: Ubuntu 12.04 LTS, package 6b24-1.11.4-1ubuntu0.12.04.1
# Problematic frame:
# C  [+0x414]  __kernel_vsyscall+0x0
#
# An error report file with more information is saved as:
# /home/yandy/openfire/bin/hs_err_pid2305.log
#
# If you would like to submit a bug report, please include
# instructions how to reproduce the bug and visit:
#   https://bugs.launchpad.net/ubuntu/+source/openjdk-6/
#
The daemon seems to be running. Exiting. Id file: /tmp/i4jdaemon__home_yandy_openfire_bin_openfire
The daemon seems to be running. Exiting. Id file: /tmp/i4jdaemon__home_yandy_openfire_bin_openfire
The daemon seems to be running. Exiting. Id file: /tmp/i4jdaemon__home_yandy_openfire_bin_openfire
The daemon seems to be running. Exiting. Id file: /tmp/i4jdaemon__home_yandy_openfire_bin_openfire
The daemon seems to be running. Exiting. Id file: /tmp/i4jdaemon__media_Datos__Trabajo_openfire_bin_openfire
The daemon seems to be running. Exiting. Id file: /tmp/i4jdaemon__media_Datos__Trabajo_openfire_bin_openfire
The daemon seems to be running. Exiting. Id file: /tmp/i4jdaemon__var_www_RSN_web_externals-libs_openfire_bin_openfire
The daemon seems to be running. Exiting. Id file: /tmp/i4jdaemon__var_www_RSN_web_externals-libs_openfire_bin_openfire
The daemon seems to be running. Exiting. Id file: /tmp/i4jdaemon__home_yandy_Trabajo_www_hifreedom.com_web_externals-libs_openfire_bin_openfire
